<?xml version="1.0" encoding="UTF-8"?>
<coverage generated="1685101472374" clover="3.2.0">
  <project timestamp="1685101472375" name="All files">
    <metrics statements="2" coveredstatements="2" conditionals="0" coveredconditionals="0" methods="0" coveredmethods="0" elements="2" coveredelements="2" complexity="0" loc="2" ncloc="2" packages="1" files="1" classes="1"/>
    <file name="jest.config.js" path="C:\Users\Abdul Wahab\OneDrive\Documents\Microverse\Capstone_Project_Module_2\capstone-module-2\jest.config.js">
      <metrics statements="2" coveredstatements="2" conditionals="0" coveredconditionals="0" methods="0" coveredmethods="0"/>
      <line num="1" count="1" type="stmt"/>
      <line num="11" count="1" type="stmt"/>
    </file>
  </project>
</coverage>
