{"C:\\Users\\Abdul Wahab\\OneDrive\\Documents\\Microverse\\Capstone_Project_Module_2\\capstone-module-2\\jest.config.js": {"path":"C:\\Users\\Abdul Wahab\\OneDrive\\Documents\\Microverse\\Capstone_Project_Module_2\\capstone-module-2\\jest.config.js","statementMap":{"0":{"start":{"line":1,"column":17},"end":{"line":9,"column":1}},"1":{"start":{"line":11,"column":0},"end":{"line":11,"column":26}}},"fnMap":{},"branchMap":{},"s":{"0":1,"1":1},"f":{},"b":{},"_coverageSchema":"1a1c01bbd47fc00a2c39e90264f33305004495a9","hash":"e14d7fc9cf874f0f3a6813a9c76690c4e8bcd4bb"}
}
